1725544356467	geckodriver	INFO	Listening on 127.0.0.1:54613
1725544359542	mozrunner::runner	INFO	Running command: "C:\\Program Files\\Mozilla Firefox\\firefox.exe" "--marionette" "--remote-debugging-port" "54614" "--remote-allow-hosts" "localhost" "-no-remote" "-profile" "C:\\Users\\micha\\AppData\\Local\\Temp\\rust_mozprofileqmXlZ2"
console.warn: services.settings: Ignoring preference override of remote settings server
console.warn: services.settings: Allow by setting MOZ_REMOTE_SETTINGS_DEVTOOLS=1 in the environment
Dynamically enable window occlusion 0
1725544359872	Marionette	INFO	Marionette enabled
1725544359992	Marionette	INFO	Listening on port 54621
WebDriver BiDi listening on ws://127.0.0.1:54614
Read port: 54621
1725544360140	RemoteAgent	WARN	TLS certificate errors will be ignored for this session
DevTools listening on ws://127.0.0.1:54614/devtools/browser/6087cc74-0e93-4565-839a-2113c65094cb
JavaScript warning: https://cdn.slots.baxter.olx.org/_assets/videojsima/2.3.0.1/videojsima-with-deps.min.js, line 49: unreachable code after return statement
console.warn: LoginRecipes: "Falling back to a synchronous message for: https://www.otodom.pl."
console.warn: LoginRecipes: "Falling back to a synchronous message for: https://www.otodom.pl."
console.warn: LoginRecipes: "Falling back to a synchronous message for: https://www.otodom.pl."
JavaScript error: , line 0: uncaught exception: undefined
1725544370681	Marionette	INFO	Stopped listening on port 54621
JavaScript warning: https://ninja.data.olxcdn.com/ninja-real-estate.js, line 2: Script terminated by timeout at:
O_@https://ninja.data.olxcdn.com/ninja-real-estate.js:2:367224
M_/_.onload@https://ninja.data.olxcdn.com/ninja-real-estate.js:2:367764

Dynamically enable window occlusion 1
JavaScript error: resource://gre/actors/ContentMetaChild.sys.mjs, line 179: InvalidStateError: JSWindowActorChild.sendAsyncMessage: JSWindowActorChild cannot send at the moment
