1725541902380	geckodriver	INFO	Listening on 127.0.0.1:62166
1725541905450	mozrunner::runner	INFO	Running command: "C:\\Program Files\\Mozilla Firefox\\firefox.exe" "--marionette" "--remote-debugging-port" "62167" "--remote-allow-hosts" "localhost" "-no-remote" "-profile" "C:\\Users\\micha\\AppData\\Local\\Temp\\rust_mozprofileb8YGsy"
console.warn: services.settings: Ignoring preference override of remote settings server
console.warn: services.settings: Allow by setting MOZ_REMOTE_SETTINGS_DEVTOOLS=1 in the environment
Dynamically enable window occlusion 0
1725541906394	Marionette	INFO	Marionette enabled
1725541906547	Marionette	INFO	Listening on port 62175
WebDriver BiDi listening on ws://127.0.0.1:62167
Read port: 62175
1725541906628	RemoteAgent	WARN	TLS certificate errors will be ignored for this session
DevTools listening on ws://127.0.0.1:62167/devtools/browser/14ba02d6-fc64-4698-9072-a1d9a5016243
JavaScript warning: https://cdn.slots.baxter.olx.org/_assets/videojsima/2.3.0.1/videojsima-with-deps.min.js, line 49: unreachable code after return statement
console.warn: LoginRecipes: "Falling back to a synchronous message for: https://www.otodom.pl."
console.warn: LoginRecipes: "Falling back to a synchronous message for: https://www.otodom.pl."
console.warn: LoginRecipes: "Falling back to a synchronous message for: https://www.otodom.pl."
JavaScript error: , line 0: uncaught exception: undefined
1725541918136	Marionette	INFO	Stopped listening on port 62175
JavaScript warning: https://statics.otodom.pl/fp_statics/_next/static/chunks/framework-e265de8cc79d83f9.js, line 9: Script terminated by timeout at:
uP@https://statics.otodom.pl/fp_statics/_next/static/chunks/framework-e265de8cc79d83f9.js:9:80961
43577/i/<@https://statics.otodom.pl/fp_statics/_next/static/chunks/framework-e265de8cc79d83f9.js:9:119222
i@https://statics.otodom.pl/fp_statics/_next/static/chunks/framework-e265de8cc79d83f9.js:9:119232
oD@https://statics.otodom.pl/fp_statics/_next/static/chunks/framework-e265de8cc79d83f9.js:9:99074
43577/oO/<@https://statics.otodom.pl/fp_statics/_next/static/chunks/framework-e265de8cc79d83f9.js:9:98942
oO@https://statics.otodom.pl/fp_statics/_next/static/chunks/framework-e265de8cc79d83f9.js:9:98947
oP@https://statics.otodom.pl/fp_statics/_next/static/chunks/framework-e265de8cc79d83f9.js:9:96035
r8@https://statics.otodom.pl/fp_statics/_next/static/chunks/framework-e265de8cc79d83f9.js:9:44813
43577/oS/<@https://statics.otodom.pl/fp_statics/_next/static/chunks/framework-e265de8cc79d83f9.js:9:93599

Dynamically enable window occlusion 1
