1725533273067	geckodriver	INFO	Listening on 127.0.0.1:50540
1725533276152	mozrunner::runner	INFO	Running command: "C:\\Program Files\\Mozilla Firefox\\firefox.exe" "--marionette" "--remote-debugging-port" "50541" "--remote-allow-hosts" "localhost" "-no-remote" "-profile" "C:\\Users\\micha\\AppData\\Local\\Temp\\rust_mozprofile22pCKL"
console.warn: services.settings: Ignoring preference override of remote settings server
console.warn: services.settings: Allow by setting MOZ_REMOTE_SETTINGS_DEVTOOLS=1 in the environment
Dynamically enable window occlusion 0
1725533276476	Marionette	INFO	Marionette enabled
1725533276602	Marionette	INFO	Listening on port 50548
WebDriver BiDi listening on ws://127.0.0.1:50541
Read port: 50548
1725533276748	RemoteAgent	WARN	TLS certificate errors will be ignored for this session
DevTools listening on ws://127.0.0.1:50541/devtools/browser/9b889145-c98e-4c5e-b299-bcc0a6ef3354
JavaScript warning: https://cdn.slots.baxter.olx.org/_assets/videojsima/2.3.0.1/videojsima-with-deps.min.js, line 49: unreachable code after return statement
1725533284086	Marionette	INFO	Stopped listening on port 50548
JavaScript warning: https://statics.otodom.pl/fp_statics/_next/static/chunks/framework-e265de8cc79d83f9.js, line 9: Script terminated by timeout at:
uz@https://statics.otodom.pl/fp_statics/_next/static/chunks/framework-e265de8cc79d83f9.js:9:81620
43577/oI/t<@https://statics.otodom.pl/fp_statics/_next/static/chunks/framework-e265de8cc79d83f9.js:9:103070
oI@https://statics.otodom.pl/fp_statics/_next/static/chunks/framework-e265de8cc79d83f9.js:9:106185
oD@https://statics.otodom.pl/fp_statics/_next/static/chunks/framework-e265de8cc79d83f9.js:9:99133
43577/oO/<@https://statics.otodom.pl/fp_statics/_next/static/chunks/framework-e265de8cc79d83f9.js:9:98942
oO@https://statics.otodom.pl/fp_statics/_next/static/chunks/framework-e265de8cc79d83f9.js:9:98947
ox@https://statics.otodom.pl/fp_statics/_next/static/chunks/framework-e265de8cc79d83f9.js:9:93986
x@https://statics.otodom.pl/fp_statics/_next/static/chunks/framework-e265de8cc79d83f9.js:33:1365
T@https://statics.otodom.pl/fp_statics/_next/static/chunks/framework-e265de8cc79d83f9.js:33:1894

Dynamically enable window occlusion 1
