1725541995070	geckodriver	INFO	Listening on 127.0.0.1:62370
1725541998136	mozrunner::runner	INFO	Running command: "C:\\Program Files\\Mozilla Firefox\\firefox.exe" "--marionette" "--remote-debugging-port" "62371" "--remote-allow-hosts" "localhost" "-no-remote" "-profile" "C:\\Users\\micha\\AppData\\Local\\Temp\\rust_mozprofilepe9MMD"
console.warn: services.settings: Ignoring preference override of remote settings server
console.warn: services.settings: Allow by setting MOZ_REMOTE_SETTINGS_DEVTOOLS=1 in the environment
Dynamically enable window occlusion 0
1725541998462	Marionette	INFO	Marionette enabled
1725541998580	Marionette	INFO	Listening on port 62378
WebDriver BiDi listening on ws://127.0.0.1:62371
Read port: 62378
1725541998723	RemoteAgent	WARN	TLS certificate errors will be ignored for this session
DevTools listening on ws://127.0.0.1:62371/devtools/browser/cb2af6dc-ab8e-4f58-bcb5-1d95ce2156c9
JavaScript warning: https://cdn.slots.baxter.olx.org/_assets/videojsima/2.3.0.1/videojsima-with-deps.min.js, line 49: unreachable code after return statement
console.warn: LoginRecipes: "Falling back to a synchronous message for: https://www.otodom.pl."
console.warn: LoginRecipes: "Falling back to a synchronous message for: https://www.otodom.pl."
console.warn: LoginRecipes: "Falling back to a synchronous message for: https://www.otodom.pl."
JavaScript error: , line 0: uncaught exception: undefined
1725542010214	Marionette	INFO	Stopped listening on port 62378
JavaScript warning: https://ninja.data.olxcdn.com/ninja-real-estate.js, line 2: Script terminated by timeout at:
t@https://ninja.data.olxcdn.com/ninja-real-estate.js:2:278
set@https://ninja.data.olxcdn.com/ninja-real-estate.js:2:3538
oe/get/<@https://ninja.data.olxcdn.com/ninja-real-estate.js:2:346646
ut@https://ninja.data.olxcdn.com/ninja-real-estate.js:2:387207
Gt@https://ninja.data.olxcdn.com/ninja-real-estate.js:2:391377
At@https://ninja.data.olxcdn.com/ninja-real-estate.js:2:391874
@https://ninja.data.olxcdn.com/ninja-real-estate.js:2:393480
nrWrapper@https://www.otodom.pl/pl/wyniki/sprzedaz/dom/mazowieckie/warszawa/warszawa/warszawa?ownerTypeSingleSelect=ALL&distanceRadius=10&priceMin=400000&priceMax=800000&viewType=listing&by=PRICE&direction=ASC:2:24667

Dynamically enable window occlusion 1
