1725548901670	geckodriver	INFO	Listening on 127.0.0.1:56925
1725548904742	mozrunner::runner	INFO	Running command: "C:\\Program Files\\Mozilla Firefox\\firefox.exe" "--marionette" "--remote-debugging-port" "56926" "--remote-allow-hosts" "localhost" "-no-remote" "-profile" "C:\\Users\\micha\\AppData\\Local\\Temp\\rust_mozprofilexxsQM7"
console.warn: services.settings: Ignoring preference override of remote settings server
console.warn: services.settings: Allow by setting MOZ_REMOTE_SETTINGS_DEVTOOLS=1 in the environment
Dynamically enable window occlusion 0
1725548905063	Marionette	INFO	Marionette enabled
1725548905178	Marionette	INFO	Listening on port 56936
WebDriver BiDi listening on ws://127.0.0.1:56926
Read port: 56936
1725548905318	RemoteAgent	WARN	TLS certificate errors will be ignored for this session
DevTools listening on ws://127.0.0.1:56926/devtools/browser/06c94b4a-b9a1-4ce2-aaf4-45ad4c86da88
JavaScript warning: https://cdn.slots.baxter.olx.org/_assets/videojsima/2.3.0.1/videojsima-with-deps.min.js, line 49: unreachable code after return statement
console.warn: LoginRecipes: "Falling back to a synchronous message for: https://www.otodom.pl."
console.warn: LoginRecipes: "Falling back to a synchronous message for: https://www.otodom.pl."
console.warn: LoginRecipes: "Falling back to a synchronous message for: https://www.otodom.pl."
JavaScript error: , line 0: uncaught exception: undefined
1725548916435	Marionette	INFO	Stopped listening on port 56936
JavaScript warning: https://www.otodom.pl/pl/wyniki/sprzedaz/dom/mazowieckie/warszawa/warszawa/warszawa?ownerTypeSingleSelect=ALL&distanceRadius=10&priceMin=400000&priceMax=800000&viewType=listing&by=PRICE&direction=ASC, line 2: Script terminated by timeout at:
nrWrapper@https://www.otodom.pl/pl/wyniki/sprzedaz/dom/mazowieckie/warszawa/warszawa/warszawa?ownerTypeSingleSelect=ALL&distanceRadius=10&priceMin=400000&priceMax=800000&viewType=listing&by=PRICE&direction=ASC:2:24517
nrWrapper@https://www.otodom.pl/pl/wyniki/sprzedaz/dom/mazowieckie/warszawa/warszawa/warszawa?ownerTypeSingleSelect=ALL&distanceRadius=10&priceMin=400000&priceMax=800000&viewType=listing&by=PRICE&direction=ASC:2:24667
n@https://js-agent.newrelic.com/nr-spa-1.264.0.min.js:2:10858
_send@https://js-agent.newrelic.com/nr-spa-1.264.0.min.js:2:4556
send@https://js-agent.newrelic.com/nr-spa-1.264.0.min.js:2:3245
sendRum@https://js-agent.newrelic.com/nr-spa-1.264.0.min.js:2:41917
1983/N/<@https://js-agent.newrelic.com/nr-spa-1.264.0.min.js:2:40475
6773/update/<@https://js-agent.newrelic.com/nr-spa-1.264.0.min.js:2:13138
update@https://js-agent.newrelic.com/nr-spa-1.264.0.min.js:2:13120
8779/<@https://js-agent.newrelic.com/nr-spa-1.264.0.min.js:2:12553
7226/ce/<@https://js-agent.newrelic.com/nr-spa-1.264.0.min.js:2:112616
7226/y/<@https://js-agent.newrelic.com/nr-spa-1.264.0.min.js:2:104258
7226/oe/<@https://js-agent.newrelic.com/nr-spa-1.264.0.min.js:2:112149
nrWrapper@https://www.otodom.pl/pl/wyniki/sprzedaz/dom/mazowieckie/warszawa/warszawa/warszawa?ownerTypeSingleSelect=ALL&distanceRadius=10&priceMin=400000&priceMax=800000&viewType=listing&by=PRICE&direction=ASC:2:24667

Dynamically enable window occlusion 1
