1725535579521	geckodriver	INFO	Listening on 127.0.0.1:59633
1725535582614	mozrunner::runner	INFO	Running command: "C:\\Program Files\\Mozilla Firefox\\firefox.exe" "--marionette" "--remote-debugging-port" "59634" "--remote-allow-hosts" "localhost" "-no-remote" "-profile" "C:\\Users\\micha\\AppData\\Local\\Temp\\rust_mozprofile6jiktC"
console.warn: services.settings: Ignoring preference override of remote settings server
console.warn: services.settings: Allow by setting MOZ_REMOTE_SETTINGS_DEVTOOLS=1 in the environment
Dynamically enable window occlusion 0
1725535582939	Marionette	INFO	Marionette enabled
1725535583055	Marionette	INFO	Listening on port 59642
WebDriver BiDi listening on ws://127.0.0.1:59634
Read port: 59642
1725535583194	RemoteAgent	WARN	TLS certificate errors will be ignored for this session
DevTools listening on ws://127.0.0.1:59634/devtools/browser/2cce9a91-f181-49dd-989a-27b2e77ce9dd
JavaScript warning: https://cdn.slots.baxter.olx.org/_assets/videojsima/2.3.0.1/videojsima-with-deps.min.js, line 49: unreachable code after return statement
console.warn: LoginRecipes: "Falling back to a synchronous message for: https://www.otodom.pl."
console.warn: LoginRecipes: "Falling back to a synchronous message for: https://www.otodom.pl."
console.warn: LoginRecipes: "Falling back to a synchronous message for: https://www.otodom.pl."
JavaScript error: , line 0: uncaught exception: undefined
JavaScript warning: https://cdn.slots.baxter.olx.org/_assets/videojsima/2.3.0.1/videojsima-with-deps.min.js, line 49: unreachable code after return statement
JavaScript warning: https://pagead2.googlesyndication.com/bg/K5ZpvUWNqcUfu8Tok0Ehe0tYmYGPee5Ma71PMEE9nfI.js line 2 > eval line 6512 > eval line 1 > eval line 1 > eval, line 1: WEBGL_debug_renderer_info is deprecated in Firefox and will be removed. Please use RENDERER.
JavaScript warning: https://cdn.slots.baxter.olx.org/_assets/videojsima/2.3.0.1/videojsima-with-deps.min.js, line 49: unreachable code after return statement
JavaScript warning: https://pagead2.googlesyndication.com/bg/K5ZpvUWNqcUfu8Tok0Ehe0tYmYGPee5Ma71PMEE9nfI.js line 2 > eval line 1854 > eval line 1 > eval line 1 > eval, line 1: WEBGL_debug_renderer_info is deprecated in Firefox and will be removed. Please use RENDERER.
JavaScript warning: https://pagead2.googlesyndication.com/bg/K5ZpvUWNqcUfu8Tok0Ehe0tYmYGPee5Ma71PMEE9nfI.js line 2 > eval line 4753 > eval line 1 > eval line 1 > eval, line 1: WEBGL_debug_renderer_info is deprecated in Firefox and will be removed. Please use RENDERER.
JavaScript warning: https://pagead2.googlesyndication.com/bg/K5ZpvUWNqcUfu8Tok0Ehe0tYmYGPee5Ma71PMEE9nfI.js line 2 > eval line 6502 > eval line 1 > eval line 1 > eval, line 1: WEBGL_debug_renderer_info is deprecated in Firefox and will be removed. Please use RENDERER.
JavaScript warning: https://statics.otodom.pl/fp_statics/_next/static/chunks/main-858a35a16a8b8166.js, line 1: Script terminated by timeout at:
a@https://statics.otodom.pl/fp_statics/_next/static/chunks/main-858a35a16a8b8166.js:1:105509
76295/W/<@https://statics.otodom.pl/fp_statics/_next/static/chunks/main-858a35a16a8b8166.js:1:105980
r@https://statics.otodom.pl/fp_statics/_next/static/chunks/main-858a35a16a8b8166.js:1:101797

JavaScript error: resource://gre/modules/AsyncShutdown.sys.mjs, line 569: NotFoundError: No such JSProcessActor 'DevToolsProcess'
JavaScript error: resource://gre/modules/AsyncShutdown.sys.mjs, line 569: NotFoundError: No such JSProcessActor 'DevToolsProcess'
JavaScript error: resource://gre/modules/AsyncShutdown.sys.mjs, line 569: NotFoundError: No such JSProcessActor 'DevToolsProcess'
JavaScript error: resource://gre/modules/AsyncShutdown.sys.mjs, line 569: NotFoundError: No such JSProcessActor 'DevToolsProcess'
JavaScript error: resource://gre/modules/AsyncShutdown.sys.mjs, line 569: NotFoundError: No such JSProcessActor 'DevToolsProcess'
JavaScript error: resource://gre/modules/AsyncShutdown.sys.mjs, line 569: NotFoundError: No such JSProcessActor 'DevToolsProcess'
JavaScript error: resource://gre/modules/AsyncShutdown.sys.mjs, line 569: NotFoundError: No such JSProcessActor 'DevToolsProcess'
JavaScript error: resource://gre/modules/AsyncShutdown.sys.mjs, line 569: NotFoundError: No such JSProcessActor 'DevToolsProcess'
JavaScript error: resource://gre/modules/AsyncShutdown.sys.mjs, line 569: NotFoundError: No such JSProcessActor 'DevToolsProcess'
JavaScript error: resource://gre/modules/AsyncShutdown.sys.mjs, line 569: NotFoundError: No such JSProcessActor 'DevToolsProcess'
JavaScript error: resource://gre/modules/AsyncShutdown.sys.mjs, line 569: NotFoundError: No such JSProcessActor 'DevToolsProcess'
JavaScript error: resource://gre/modules/AsyncShutdown.sys.mjs, line 569: NotFoundError: No such JSProcessActor 'DevToolsProcess'
JavaScript error: resource://gre/modules/AsyncShutdown.sys.mjs, line 569: NotFoundError: No such JSProcessActor 'DevToolsProcess'
JavaScript error: resource://gre/modules/AsyncShutdown.sys.mjs, line 569: NotFoundError: No such JSProcessActor 'DevToolsProcess'
JavaScript error: resource://gre/modules/AsyncShutdown.sys.mjs, line 569: NotFoundError: No such JSProcessActor 'DevToolsProcess'
JavaScript error: resource://gre/modules/AsyncShutdown.sys.mjs, line 569: NotFoundError: No such JSProcessActor 'DevToolsProcess'
JavaScript error: resource://gre/modules/AsyncShutdown.sys.mjs, line 569: NotFoundError: No such JSProcessActor 'DevToolsProcess'
JavaScript error: resource://gre/modules/AsyncShutdown.sys.mjs, line 569: NotFoundError: No such JSProcessActor 'DevToolsProcess'
JavaScript error: resource://gre/modules/AsyncShutdown.sys.mjs, line 569: NotFoundError: No such JSProcessActor 'DevToolsProcess'
JavaScript error: resource://gre/modules/AsyncShutdown.sys.mjs, line 569: NotFoundError: No such JSProcessActor 'DevToolsProcess'
JavaScript error: resource://gre/modules/AsyncShutdown.sys.mjs, line 569: NotFoundError: No such JSProcessActor 'DevToolsProcess'
JavaScript error: resource://gre/modules/AsyncShutdown.sys.mjs, line 569: NotFoundError: No such JSProcessActor 'DevToolsProcess'
JavaScript error: resource://gre/modules/AsyncShutdown.sys.mjs, line 569: NotFoundError: No such JSProcessActor 'DevToolsProcess'
1725541311162	Marionette	INFO	Stopped listening on port 59642
Dynamically enable window occlusion 1
console.error: "Error in worker resource://devtools/client/shared/source-map-loader/worker.js" ": "
