1725539953666	geckodriver	INFO	Listening on 127.0.0.1:61026
1725539956726	mozrunner::runner	INFO	Running command: "C:\\Program Files\\Mozilla Firefox\\firefox.exe" "--marionette" "--remote-debugging-port" "61027" "--remote-allow-hosts" "localhost" "-no-remote" "-profile" "C:\\Users\\micha\\AppData\\Local\\Temp\\rust_mozprofileWAp4z9"
console.warn: services.settings: Ignoring preference override of remote settings server
console.warn: services.settings: Allow by setting MOZ_REMOTE_SETTINGS_DEVTOOLS=1 in the environment
Dynamically enable window occlusion 0
1725539957185	Marionette	INFO	Marionette enabled
1725539957307	Marionette	INFO	Listening on port 61041
WebDriver BiDi listening on ws://127.0.0.1:61027
Read port: 61041
1725539957448	RemoteAgent	WARN	TLS certificate errors will be ignored for this session
DevTools listening on ws://127.0.0.1:61027/devtools/browser/65f262ed-1be8-43a8-a0d9-5d6ae18451d6
JavaScript warning: https://cdn.slots.baxter.olx.org/_assets/videojsima/2.3.0.1/videojsima-with-deps.min.js, line 49: unreachable code after return statement
console.warn: LoginRecipes: "Falling back to a synchronous message for: https://www.otodom.pl."
console.warn: LoginRecipes: "Falling back to a synchronous message for: https://www.otodom.pl."
console.warn: LoginRecipes: "Falling back to a synchronous message for: https://www.otodom.pl."
JavaScript error: , line 0: uncaught exception: undefined
JavaScript warning: https://statics.otodom.pl/fp_statics/_next/static/chunks/pages/_app-305d0b3357661cd7.js, line 29: Script terminated by timeout at:
33323/eW/<@https://statics.otodom.pl/fp_statics/_next/static/chunks/pages/_app-305d0b3357661cd7.js:29:3578
n@https://statics.otodom.pl/fp_statics/_next/static/chunks/pages/_app-305d0b3357661cd7.js:29:2837

1725539977408	Marionette	INFO	Stopped listening on port 61041
Dynamically enable window occlusion 1
