1725549221803	geckodriver	INFO	Listening on 127.0.0.1:57832
1725549224847	mozrunner::runner	INFO	Running command: "C:\\Program Files\\Mozilla Firefox\\firefox.exe" "--marionette" "--remote-debugging-port" "57833" "--remote-allow-hosts" "localhost" "-no-remote" "-profile" "C:\\Users\\micha\\AppData\\Local\\Temp\\rust_mozprofilemz4Nhg"
console.warn: services.settings: Ignoring preference override of remote settings server
console.warn: services.settings: Allow by setting MOZ_REMOTE_SETTINGS_DEVTOOLS=1 in the environment
Dynamically enable window occlusion 0
1725549225173	Marionette	INFO	Marionette enabled
1725549225290	Marionette	INFO	Listening on port 57844
WebDriver BiDi listening on ws://127.0.0.1:57833
Read port: 57844
1725549225430	RemoteAgent	WARN	TLS certificate errors will be ignored for this session
DevTools listening on ws://127.0.0.1:57833/devtools/browser/ea615f94-f96a-4d43-8993-66f12751f462
JavaScript warning: https://cdn.slots.baxter.olx.org/_assets/videojsima/2.3.0.1/videojsima-with-deps.min.js, line 49: unreachable code after return statement
console.warn: LoginRecipes: "Falling back to a synchronous message for: https://www.otodom.pl."
console.warn: LoginRecipes: "Falling back to a synchronous message for: https://www.otodom.pl."
console.warn: LoginRecipes: "Falling back to a synchronous message for: https://www.otodom.pl."
JavaScript error: , line 0: TypeError: NetworkError when attempting to fetch resource.
JavaScript error: , line 0: uncaught exception: undefined
JavaScript error: , line 0: TypeError: NetworkError when attempting to fetch resource.
JavaScript error: , line 0: TypeError: NetworkError when attempting to fetch resource.
JavaScript error: , line 0: TypeError: NetworkError when attempting to fetch resource.
1725549236230	Marionette	INFO	Stopped listening on port 57844
JavaScript warning: https://cdn.cookielaw.org/consent/1ca680ed-d03b-432d-a320-46825e0fb653/OtAutoBlock.js, line 5: Script terminated by timeout at:
c@https://cdn.cookielaw.org/consent/1ca680ed-d03b-432d-a320-46825e0fb653/OtAutoBlock.js:5:90

Dynamically enable window occlusion 1
