1725543632012	geckodriver	INFO	Listening on 127.0.0.1:53560
1725543635061	mozrunner::runner	INFO	Running command: "C:\\Program Files\\Mozilla Firefox\\firefox.exe" "--marionette" "--remote-debugging-port" "53561" "--remote-allow-hosts" "localhost" "-no-remote" "-profile" "C:\\Users\\micha\\AppData\\Local\\Temp\\rust_mozprofileubygBu"
console.warn: services.settings: Ignoring preference override of remote settings server
console.warn: services.settings: Allow by setting MOZ_REMOTE_SETTINGS_DEVTOOLS=1 in the environment
Dynamically enable window occlusion 0
1725543635505	Marionette	INFO	Marionette enabled
1725543635632	Marionette	INFO	Listening on port 53571
WebDriver BiDi listening on ws://127.0.0.1:53561
Read port: 53571
1725543635797	RemoteAgent	WARN	TLS certificate errors will be ignored for this session
DevTools listening on ws://127.0.0.1:53561/devtools/browser/576ea9a9-1ceb-4315-910f-8e90fd38f758
JavaScript warning: https://cdn.slots.baxter.olx.org/_assets/videojsima/2.3.0.1/videojsima-with-deps.min.js, line 49: unreachable code after return statement
console.warn: LoginRecipes: "Falling back to a synchronous message for: https://www.otodom.pl."
console.warn: LoginRecipes: "Falling back to a synchronous message for: https://www.otodom.pl."
JavaScript warning: https://pagead2.googlesyndication.com/bg/K5ZpvUWNqcUfu8Tok0Ehe0tYmYGPee5Ma71PMEE9nfI.js line 2 > eval line 3227 > eval line 1 > eval line 1 > eval, line 1: WEBGL_debug_renderer_info is deprecated in Firefox and will be removed. Please use RENDERER.
JavaScript warning: https://pagead2.googlesyndication.com/bg/K5ZpvUWNqcUfu8Tok0Ehe0tYmYGPee5Ma71PMEE9nfI.js line 2 > eval line 2549 > eval line 1 > eval line 1 > eval, line 1: WEBGL_debug_renderer_info is deprecated in Firefox and will be removed. Please use RENDERER.
JavaScript warning: https://statics.otodom.pl/fp_statics/_next/static/chunks/main-858a35a16a8b8166.js, line 1: Script terminated by timeout at:
a@https://statics.otodom.pl/fp_statics/_next/static/chunks/main-858a35a16a8b8166.js:1:105509
76295/W/<@https://statics.otodom.pl/fp_statics/_next/static/chunks/main-858a35a16a8b8166.js:1:105980
r@https://statics.otodom.pl/fp_statics/_next/static/chunks/main-858a35a16a8b8166.js:1:101797

1725543655751	Marionette	INFO	Stopped listening on port 53571
Dynamically enable window occlusion 1
JavaScript error: , line 0: TypeError: NetworkError when attempting to fetch resource.
JavaScript error: , line 0: TypeError: NetworkError when attempting to fetch resource.
