1725533064072	geckodriver	INFO	Listening on 127.0.0.1:49792
1725533067142	mozrunner::runner	INFO	Running command: "C:\\Program Files\\Mozilla Firefox\\firefox.exe" "--marionette" "--remote-debugging-port" "49793" "--remote-allow-hosts" "localhost" "-no-remote" "-profile" "C:\\Users\\micha\\AppData\\Local\\Temp\\rust_mozprofilehCWLHO"
console.warn: services.settings: Ignoring preference override of remote settings server
console.warn: services.settings: Allow by setting MOZ_REMOTE_SETTINGS_DEVTOOLS=1 in the environment
Dynamically enable window occlusion 0
1725533067472	Marionette	INFO	Marionette enabled
1725533067611	Marionette	INFO	Listening on port 49800
WebDriver BiDi listening on ws://127.0.0.1:49793
Read port: 49800
1725533067754	RemoteAgent	WARN	TLS certificate errors will be ignored for this session
DevTools listening on ws://127.0.0.1:49793/devtools/browser/0407b0a3-0661-4256-a23b-c5f5e28d396c
JavaScript warning: https://cdn.slots.baxter.olx.org/_assets/videojsima/2.3.0.1/videojsima-with-deps.min.js, line 49: unreachable code after return statement
1725533075438	Marionette	INFO	Stopped listening on port 49800
JavaScript warning: https://statics.otodom.pl/fp_statics/_next/static/chunks/83418.7bc447ecf74397ca.js, line 1: Script terminated by timeout at:
u@https://statics.otodom.pl/fp_statics/_next/static/chunks/83418.7bc447ecf74397ca.js:1:41223
c@https://statics.otodom.pl/fp_statics/_next/static/chunks/83418.7bc447ecf74397ca.js:1:41080
C@https://statics.otodom.pl/fp_statics/_next/static/chunks/83418.7bc447ecf74397ca.js:1:43693
v@https://statics.otodom.pl/fp_statics/_next/static/chunks/2828-9c17375bc0fedbc6.js:1:31472
k@https://statics.otodom.pl/fp_statics/_next/static/chunks/2828-9c17375bc0fedbc6.js:1:31735
51187/C/<@https://statics.otodom.pl/fp_statics/_next/static/chunks/2828-9c17375bc0fedbc6.js:1:32285
73893/t.default/a</o.current<@https://statics.otodom.pl/fp_statics/_next/static/chunks/40616-ccc30bb2c464b414.js:1:5748

Dynamically enable window occlusion 1
